main.cc:8:23: warning: unused parameter 'signum' [-Wunused-parameter]
void tstp_handler(int signum) {
                      ^
main.cc:13:23: warning: unused parameter 'signum' [-Wunused-parameter]
void kill_handler(int signum) {
                      ^
main.cc:18:22: warning: unused parameter 'signum' [-Wunused-parameter]
void int_handler(int signum) {
                     ^
main.cc:24:13: warning: unused variable 'vidf' [-Wunused-variable]
  vid_conf *vidf = new vid_conf;
            ^
4 warnings generated.
ld.lld: error: undefined symbol: cv::cvtColor(cv::_InputArray const&, cv::_OutputArray const&, int, int)
>>> referenced by process.cc:6 (/home/mitsuha/code/crangon/process.cc:6)
>>>               process.o:(img_counter(cv::Mat))

ld.lld: error: undefined symbol: cv::threshold(cv::_InputArray const&, cv::_OutputArray const&, double, double, int)
>>> referenced by process.cc:7 (/home/mitsuha/code/crangon/process.cc:7)
>>>               process.o:(img_counter(cv::Mat))

ld.lld: error: undefined symbol: cv::Mat::clone() const
>>> referenced by process.cc:9 (/home/mitsuha/code/crangon/process.cc:9)
>>>               process.o:(img_counter(cv::Mat))

ld.lld: error: undefined symbol: cv::findContours(cv::_InputArray const&, cv::_OutputArray const&, int, int, cv::Point_<int>)
>>> referenced by process.cc:10 (/home/mitsuha/code/crangon/process.cc:10)
>>>               process.o:(img_counter(cv::Mat))

ld.lld: error: undefined symbol: cv::Mat::Mat(cv::Size_<int>, int, cv::Scalar_<double> const&)
>>> referenced by process.cc:11 (/home/mitsuha/code/crangon/process.cc:11)
>>>               process.o:(img_counter(cv::Mat))

ld.lld: error: undefined symbol: cv::noArray()
>>> referenced by process.cc:17 (/home/mitsuha/code/crangon/process.cc:17)
>>>               process.o:(img_counter(cv::Mat))

ld.lld: error: undefined symbol: cv::drawContours(cv::_InputOutputArray const&, cv::_InputArray const&, int, cv::Scalar_<double> const&, int, int, cv::_InputArray const&, int, cv::Point_<int>)
>>> referenced by process.cc:17 (/home/mitsuha/code/crangon/process.cc:17)
>>>               process.o:(img_counter(cv::Mat))

ld.lld: error: undefined symbol: cv::Mat::~Mat()
>>> referenced by process.cc:20 (/home/mitsuha/code/crangon/process.cc:20)
>>>               process.o:(img_counter(cv::Mat))
>>> referenced by process.cc:20 (/home/mitsuha/code/crangon/process.cc:20)
>>>               process.o:(img_counter(cv::Mat))
>>> referenced by process.cc:20 (/home/mitsuha/code/crangon/process.cc:20)
>>>               process.o:(img_counter(cv::Mat))
>>> referenced 7 more times

ld.lld: error: undefined symbol: cv::VideoCapture::VideoCapture(int, int)
>>> referenced by process.cc:25 (/home/mitsuha/code/crangon/process.cc:25)
>>>               process.o:(img_get_frame(unsigned char, unsigned char, unsigned char))

ld.lld: error: undefined symbol: cv::VideoCapture::isOpened() const
>>> referenced by process.cc:26 (/home/mitsuha/code/crangon/process.cc:26)
>>>               process.o:(img_get_frame(unsigned char, unsigned char, unsigned char))
>>> referenced by process.cc:32 (/home/mitsuha/code/crangon/process.cc:32)
>>>               process.o:(img_get_frame(unsigned char, unsigned char, unsigned char))

ld.lld: error: undefined symbol: cv::VideoCapture::set(int, double)
>>> referenced by process.cc:30 (/home/mitsuha/code/crangon/process.cc:30)
>>>               process.o:(img_get_frame(unsigned char, unsigned char, unsigned char))
>>> referenced by process.cc:31 (/home/mitsuha/code/crangon/process.cc:31)
>>>               process.o:(img_get_frame(unsigned char, unsigned char, unsigned char))

ld.lld: error: undefined symbol: cv::Mat::Mat()
>>> referenced by process.cc:33 (/home/mitsuha/code/crangon/process.cc:33)
>>>               process.o:(img_get_frame(unsigned char, unsigned char, unsigned char))

ld.lld: error: undefined symbol: cv::VideoCapture::operator>>(cv::Mat&)
>>> referenced by process.cc:34 (/home/mitsuha/code/crangon/process.cc:34)
>>>               process.o:(img_get_frame(unsigned char, unsigned char, unsigned char))

ld.lld: error: undefined symbol: cv::Mat::empty() const
>>> referenced by process.cc:35 (/home/mitsuha/code/crangon/process.cc:35)
>>>               process.o:(img_get_frame(unsigned char, unsigned char, unsigned char))

ld.lld: error: undefined symbol: cv::imshow(std::__cxx11::basic_string<char, std::char_traits<char>, std::allocator<char> > const&, cv::_InputArray const&)
>>> referenced by process.cc:39 (/home/mitsuha/code/crangon/process.cc:39)
>>>               process.o:(img_get_frame(unsigned char, unsigned char, unsigned char))
>>> referenced by process.cc:40 (/home/mitsuha/code/crangon/process.cc:40)
>>>               process.o:(img_get_frame(unsigned char, unsigned char, unsigned char))

ld.lld: error: undefined symbol: cv::Mat::Mat(cv::Mat const&)
>>> referenced by process.cc:40 (/home/mitsuha/code/crangon/process.cc:40)
>>>               process.o:(img_get_frame(unsigned char, unsigned char, unsigned char))

ld.lld: error: undefined symbol: cv::waitKey(int)
>>> referenced by process.cc:41 (/home/mitsuha/code/crangon/process.cc:41)
>>>               process.o:(img_get_frame(unsigned char, unsigned char, unsigned char))

ld.lld: error: undefined symbol: cv::destroyAllWindows()
>>> referenced by process.cc:45 (/home/mitsuha/code/crangon/process.cc:45)
>>>               process.o:(img_get_frame(unsigned char, unsigned char, unsigned char))

ld.lld: error: undefined symbol: cv::VideoCapture::~VideoCapture()
>>> referenced by process.cc:47 (/home/mitsuha/code/crangon/process.cc:47)
>>>               process.o:(img_get_frame(unsigned char, unsigned char, unsigned char))
>>> referenced by process.cc:47 (/home/mitsuha/code/crangon/process.cc:47)
>>>               process.o:(img_get_frame(unsigned char, unsigned char, unsigned char))
clang: error: linker command failed with exit code 1 (use -v to see invocation)
